This is pdfTeX, Version 3.14159265-2.6-1.40.19 (TeX Live 2018) (preloaded format=pdflatex 2018.4.16)  17 OCT 2018 09:27
entering extended mode
 restricted \write18 enabled.
 file:line:error style messages enabled.
 %&-line parsing enabled.
**/Users/aleks/Documents/TEC/Redes/proyecto1/documentacion/documentacion.tex
(/Users/aleks/Documents/TEC/Redes/proyecto1/documentacion/documentacion.tex
LaTeX2e <2018-04-01> patch level 2
Babel <3.18> and hyphenation patterns for 84 language(s) loaded.
(/usr/local/texlive/2018/texmf-dist/tex/latex/base/article.cls
Document Class: article 2014/09/29 v1.4h Standard LaTeX document class
(/usr/local/texlive/2018/texmf-dist/tex/latex/base/size10.clo
File: size10.clo 2014/09/29 v1.4h Standard LaTeX file (size option)
)
\c@part=\count80
\c@section=\count81
\c@subsection=\count82
\c@subsubsection=\count83
\c@paragraph=\count84
\c@subparagraph=\count85
\c@figure=\count86
\c@table=\count87
\abovecaptionskip=\skip41
\belowcaptionskip=\skip42
\bibindent=\dimen102
) (/usr/local/texlive/2018/texmf-dist/tex/latex/graphics/graphicx.sty
Package: graphicx 2017/06/01 v1.1a Enhanced LaTeX Graphics (DPC,SPQR)
 (/usr/local/texlive/2018/texmf-dist/tex/latex/graphics/keyval.sty
Package: keyval 2014/10/28 v1.15 key=value parser (DPC)
\KV@toks@=\toks14
) (/usr/local/texlive/2018/texmf-dist/tex/latex/graphics/graphics.sty
Package: graphics 2017/06/25 v1.2c Standard LaTeX Graphics (DPC,SPQR)
 (/usr/local/texlive/2018/texmf-dist/tex/latex/graphics/trig.sty
Package: trig 2016/01/03 v1.10 sin cos tan (DPC)
) (/usr/local/texlive/2018/texmf-dist/tex/latex/graphics-cfg/graphics.cfg
File: graphics.cfg 2016/06/04 v1.11 sample graphics configuration
)
Package graphics Info: Driver file: pdftex.def on input line 99.
 (/usr/local/texlive/2018/texmf-dist/tex/latex/graphics-def/pdftex.def
File: pdftex.def 2018/01/08 v1.0l Graphics/color driver for pdftex
))
\Gin@req@height=\dimen103
\Gin@req@width=\dimen104
) (/usr/local/texlive/2018/texmf-dist/tex/latex/fancyhdr/fancyhdr.sty
Package: fancyhdr 2017/06/30 v3.9a Extensive control of page headers and footers
\f@nch@headwidth=\skip43
\f@nch@O@elh=\skip44
\f@nch@O@erh=\skip45
\f@nch@O@olh=\skip46
\f@nch@O@orh=\skip47
\f@nch@O@elf=\skip48
\f@nch@O@erf=\skip49
\f@nch@O@olf=\skip50
\f@nch@O@orf=\skip51
) (/usr/local/texlive/2018/texmf-dist/tex/latex/listings/listings.sty
\lst@mode=\count88
\lst@gtempboxa=\box26
\lst@token=\toks15
\lst@length=\count89
\lst@currlwidth=\dimen105
\lst@column=\count90
\lst@pos=\count91
\lst@lostspace=\dimen106
\lst@width=\dimen107
\lst@newlines=\count92
\lst@lineno=\count93
\lst@maxwidth=\dimen108
 (/usr/local/texlive/2018/texmf-dist/tex/latex/listings/lstmisc.sty
File: lstmisc.sty 2015/06/04 1.6 (Carsten Heinz)
\c@lstnumber=\count94
\lst@skipnumbers=\count95
\lst@framebox=\box27
) (/usr/local/texlive/2018/texmf-dist/tex/latex/listings/listings.cfg
File: listings.cfg 2015/06/04 1.6 listings configuration
))
Package: listings 2015/06/04 1.6 (Carsten Heinz)
 (./documentacion.aux)
\openout1 = `documentacion.aux'.

LaTeX Font Info:    Checking defaults for OML/cmm/m/it on input line 15.
LaTeX Font Info:    ... okay on input line 15.
LaTeX Font Info:    Checking defaults for T1/cmr/m/n on input line 15.
LaTeX Font Info:    ... okay on input line 15.
LaTeX Font Info:    Checking defaults for OT1/cmr/m/n on input line 15.
LaTeX Font Info:    ... okay on input line 15.
LaTeX Font Info:    Checking defaults for OMS/cmsy/m/n on input line 15.
LaTeX Font Info:    ... okay on input line 15.
LaTeX Font Info:    Checking defaults for OMX/cmex/m/n on input line 15.
LaTeX Font Info:    ... okay on input line 15.
LaTeX Font Info:    Checking defaults for U/cmr/m/n on input line 15.
LaTeX Font Info:    ... okay on input line 15.
 (/usr/local/texlive/2018/texmf-dist/tex/context/base/mkii/supp-pdf.mkii
[Loading MPS to PDF converter (version 2006.09.02).]
\scratchcounter=\count96
\scratchdimen=\dimen109
\scratchbox=\box28
\nofMPsegments=\count97
\nofMParguments=\count98
\everyMPshowfont=\toks16
\MPscratchCnt=\count99
\MPscratchDim=\dimen110
\MPnumerator=\count100
\makeMPintoPDFobject=\count101
\everyMPtoPDFconversion=\toks17
) (/usr/local/texlive/2018/texmf-dist/tex/latex/oberdiek/epstopdf-base.sty
Package: epstopdf-base 2016/05/15 v2.6 Base part for package epstopdf
 (/usr/local/texlive/2018/texmf-dist/tex/generic/oberdiek/infwarerr.sty
Package: infwarerr 2016/05/16 v1.4 Providing info/warning/error messages (HO)
) (/usr/local/texlive/2018/texmf-dist/tex/latex/oberdiek/grfext.sty
Package: grfext 2016/05/16 v1.2 Manage graphics extensions (HO)
 (/usr/local/texlive/2018/texmf-dist/tex/generic/oberdiek/kvdefinekeys.sty
Package: kvdefinekeys 2016/05/16 v1.4 Define keys (HO)
 (/usr/local/texlive/2018/texmf-dist/tex/generic/oberdiek/ltxcmds.sty
Package: ltxcmds 2016/05/16 v1.23 LaTeX kernel commands for general use (HO)
))) (/usr/local/texlive/2018/texmf-dist/tex/latex/oberdiek/kvoptions.sty
Package: kvoptions 2016/05/16 v3.12 Key value format for package options (HO)
 (/usr/local/texlive/2018/texmf-dist/tex/generic/oberdiek/kvsetkeys.sty
Package: kvsetkeys 2016/05/16 v1.17 Key value parser (HO)
 (/usr/local/texlive/2018/texmf-dist/tex/generic/oberdiek/etexcmds.sty
Package: etexcmds 2016/05/16 v1.6 Avoid name clashes with e-TeX commands (HO)
 (/usr/local/texlive/2018/texmf-dist/tex/generic/oberdiek/ifluatex.sty
Package: ifluatex 2016/05/16 v1.4 Provides the ifluatex switch (HO)
Package ifluatex Info: LuaTeX not detected.
)
Package etexcmds Info: Could not find \expanded.
(etexcmds)             That can mean that you are not using pdfTeX 1.50 or
(etexcmds)             that some package has redefined \expanded.
(etexcmds)             In the latter case, load this package earlier.
))) (/usr/local/texlive/2018/texmf-dist/tex/generic/oberdiek/pdftexcmds.sty
Package: pdftexcmds 2018/01/30 v0.27 Utility functions of pdfTeX for LuaTeX (HO)
 (/usr/local/texlive/2018/texmf-dist/tex/generic/oberdiek/ifpdf.sty
Package: ifpdf 2017/03/15 v3.2 Provides the ifpdf switch
)
Package pdftexcmds Info: LuaTeX not detected.
Package pdftexcmds Info: \pdf@primitive is available.
Package pdftexcmds Info: \pdf@ifprimitive is available.
Package pdftexcmds Info: \pdfdraftmode found.
)
Package epstopdf-base Info: Redefining graphics rule for `.eps' on input line 438.
Package grfext Info: Graphics extension search list:
(grfext)             [.pdf,.png,.jpg,.mps,.jpeg,.jbig2,.jb2,.PDF,.PNG,.JPG,.JPEG,.JBIG2,.JB2,.eps]
(grfext)             \AppendGraphicsExtensions on input line 456.
 (/usr/local/texlive/2018/texmf-dist/tex/latex/latexconfig/epstopdf-sys.cfg
File: epstopdf-sys.cfg 2010/07/13 v1.3 Configuration of (r)epstopdf for TeX Live
))
\c@lstlisting=\count102
 [1

{/usr/local/texlive/2018/texmf-var/fonts/map/pdftex/updmap/pdftex.map}]
LaTeX Font Info:    Try loading font information for OMS+cmr on input line 42.
 (/usr/local/texlive/2018/texmf-dist/tex/latex/base/omscmr.fd
File: omscmr.fd 2014/09/29 v2.5h Standard LaTeX font definitions
)
LaTeX Font Info:    Font shape `OMS/cmr/m/n' in size <10> not available
(Font)              Font shape `OMS/cmsy/m/n' tried instead on input line 42.
 [1]
/Users/aleks/Documents/TEC/Redes/proyecto1/documentacion/documentacion.tex:107: Undefined control sequence.
l.107   [online] Available at: \url
                                   {https://gpiozero.readthedocs.io/en/stabl...
The control sequence at the end of the top line
of your error message was never \def'ed. If you have
misspelled it (e.g., `\hobx'), type `I' and the correct
spelling (e.g., `I\hbox'). Otherwise just continue,
and I'll forget about whatever was undefined.


Underfull \hbox (badness 10000) in paragraph at lines 106--108
[]\OT1/cmr/m/n/10 Gpiozero.readthedocs.io. (2018). \OT1/cmr/m/it/10 13. API - Out-put De-vices
 []


Underfull \hbox (badness 10000) in paragraph at lines 106--108
\OT1/cmr/m/it/10 | Gpi-ozero 1.4.1 Doc-u-men-ta-tion. \OT1/cmr/m/n/10 [on-line] Avail-able at:
 []

/Users/aleks/Documents/TEC/Redes/proyecto1/documentacion/documentacion.tex:111: Undefined control sequence.
l.111   [online] Scapy.net. Available at: \url
                                              {https://scapy.net/}
The control sequence at the end of the top line
of your error message was never \def'ed. If you have
misspelled it (e.g., `\hobx'), type `I' and the correct
spelling (e.g., `I\hbox'). Otherwise just continue,
and I'll forget about whatever was undefined.


Underfull \hbox (badness 10000) in paragraph at lines 110--112
[]\OT1/cmr/m/n/10 community., P. (2018). \OT1/cmr/m/it/10 Scapy. \OT1/cmr/m/n/10 [on-line] Scapy.net. Avail-able at:
 []

/Users/aleks/Documents/TEC/Redes/proyecto1/documentacion/documentacion.tex:114: Undefined control sequence.
l.114   [online] Available at: \url
                                   {https://github.com/secdev/scapy}
The control sequence at the end of the top line
of your error message was never \def'ed. If you have
misspelled it (e.g., `\hobx'), type `I' and the correct
spelling (e.g., `I\hbox'). Otherwise just continue,
and I'll forget about whatever was undefined.


Underfull \hbox (badness 10000) in paragraph at lines 113--115
[]\OT1/cmr/m/n/10 GitHub. (2018). \OT1/cmr/m/it/10 secde-v/s-capy. \OT1/cmr/m/n/10 [on-line] Avail-able at:
 []

/Users/aleks/Documents/TEC/Redes/proyecto1/documentacion/documentacion.tex:117: Undefined control sequence.
l.117   [online] Available at: \url
                                   {https://docs.python.org/3.3/library/hash...
The control sequence at the end of the top line
of your error message was never \def'ed. If you have
misspelled it (e.g., `\hobx'), type `I' and the correct
spelling (e.g., `I\hbox'). Otherwise just continue,
and I'll forget about whatever was undefined.


Underfull \hbox (badness 4013) in paragraph at lines 116--118
[]\OT1/cmr/m/n/10 Docs.python.org. (2018). \OT1/cmr/m/it/10 15.1. hash-lib | Se-cure hashes and mes-
 []


Underfull \hbox (badness 3428) in paragraph at lines 116--118
\OT1/cmr/m/it/10 sage di-gests | Python 3.3.7 doc-u-men-ta-tion. \OT1/cmr/m/n/10 [on-line] Avail-able at:
 []

/Users/aleks/Documents/TEC/Redes/proyecto1/documentacion/documentacion.tex:120: Undefined control sequence.
l.120   [online] Available at: \url
                                   {http://www.ieee802.org/IEEE-802-LMSC-Ove...
The control sequence at the end of the top line
of your error message was never \def'ed. If you have
misspelled it (e.g., `\hobx'), type `I' and the correct
spelling (e.g., `I\hbox'). Otherwise just continue,
and I'll forget about whatever was undefined.

/Users/aleks/Documents/TEC/Redes/proyecto1/documentacion/documentacion.tex:123: Undefined control sequence.
l.123 ...e] Dm295.blogspot.com. Available at: \url
                                                  {https://dm295.blogspot.co...
The control sequence at the end of the top line
of your error message was never \def'ed. If you have
misspelled it (e.g., `\hobx'), type `I' and the correct
spelling (e.g., `I\hbox'). Otherwise just continue,
and I'll forget about whatever was undefined.


Underfull \hbox (badness 10000) in paragraph at lines 122--124
[]\OT1/cmr/m/n/10 scraping, T. (2018). \OT1/cmr/m/it/10 Tor IP chang-ing and web
 []


Underfull \hbox (badness 10000) in paragraph at lines 122--124
\OT1/cmr/m/it/10 scrap-ing. \OT1/cmr/m/n/10 [on-line] Dm295.blogspot.com. Avail-able at:
 []


Underfull \hbox (badness 10000) in paragraph at lines 122--124
\OT1/cmr/m/n/10 https://dm295.blogspot.com/2016/02/tor-ip-changing-and-web-
 []

/Users/aleks/Documents/TEC/Redes/proyecto1/documentacion/documentacion.tex:126: Undefined control sequence.
l.126   [online] Available at: \url
                                   {https://eprint.iacr.org/2011/308.pdf}
The control sequence at the end of the top line
of your error message was never \def'ed. If you have
misspelled it (e.g., `\hobx'), type `I' and the correct
spelling (e.g., `I\hbox'). Otherwise just continue,
and I'll forget about whatever was undefined.


Underfull \hbox (badness 10000) in paragraph at lines 125--127
[]\OT1/cmr/m/it/10 Eprint.iacr.org. \OT1/cmr/m/n/10 (2018). [on-line] Avail-able at:
 []

[2]
/Users/aleks/Documents/TEC/Redes/proyecto1/documentacion/documentacion.tex:129: Undefined control sequence.
l.129   [online] Available at: \url
                                   {https://www.onion-router.net/Archives/Ro...
The control sequence at the end of the top line
of your error message was never \def'ed. If you have
misspelled it (e.g., `\hobx'), type `I' and the correct
spelling (e.g., `I\hbox'). Otherwise just continue,
and I'll forget about whatever was undefined.


Underfull \hbox (badness 10000) in paragraph at lines 128--130
[]\OT1/cmr/m/n/10 Onion-router.net. (2018). \OT1/cmr/m/it/10 Onion Rout-ing: Path Se-lec-
 []


Underfull \hbox (badness 10000) in paragraph at lines 128--130
\OT1/cmr/m/it/10 tion Al-go-rithms. \OT1/cmr/m/n/10 [on-line] Avail-able at: https://www.onion-
 []

/Users/aleks/Documents/TEC/Redes/proyecto1/documentacion/documentacion.tex:132: Undefined control sequence.
l.132   [online] Available at: \url
                                   {https://www.onion-router.net/Archives/Ro...
The control sequence at the end of the top line
of your error message was never \def'ed. If you have
misspelled it (e.g., `\hobx'), type `I' and the correct
spelling (e.g., `I\hbox'). Otherwise just continue,
and I'll forget about whatever was undefined.


Underfull \hbox (badness 7963) in paragraph at lines 131--133
[]\OT1/cmr/m/n/10 Onion-router.net. (2018). \OT1/cmr/m/it/10 Onion Rout-ing: In-ves-ti-ga-tion of Route
 []


Underfull \hbox (badness 10000) in paragraph at lines 131--133
\OT1/cmr/m/it/10 Se-lec-tion Al-go-rithms. \OT1/cmr/m/n/10 [on-line] Avail-able at: https://www.onion-
 []

/Users/aleks/Documents/TEC/Redes/proyecto1/documentacion/documentacion.tex:135: Undefined control sequence.
l.135   [online] Available at: \url
                                   {https://es.wikipedia.org/wiki/Internet_R...
The control sequence at the end of the top line
of your error message was never \def'ed. If you have
misspelled it (e.g., `\hobx'), type `I' and the correct
spelling (e.g., `I\hbox'). Otherwise just continue,
and I'll forget about whatever was undefined.

/Users/aleks/Documents/TEC/Redes/proyecto1/documentacion/documentacion.tex:135: Missing $ inserted.
<inserted text> 
                $
l.135 ...l{https://es.wikipedia.org/wiki/Internet_
                                                  Relay_Chat}
I've inserted a begin-math/end-math symbol since I think
you left one out. Proceed, with fingers crossed.

LaTeX Font Info:    External font `cmex10' loaded for size
(Font)              <7> on input line 135.
LaTeX Font Info:    External font `cmex10' loaded for size
(Font)              <5> on input line 135.
/Users/aleks/Documents/TEC/Redes/proyecto1/documentacion/documentacion.tex:135: Extra }, or forgotten $.
l.135 ...s.wikipedia.org/wiki/Internet_Relay_Chat}
                                                  
I've deleted a group-closing symbol because it seems to be
spurious, as in `$x}$'. But perhaps the } is legitimate and
you forgot something else, as in `\hbox{$x}'. In such cases
the way to recover is to insert both the forgotten and the
deleted material, e.g., by typing `I$}'.

/Users/aleks/Documents/TEC/Redes/proyecto1/documentacion/documentacion.tex:136: Missing $ inserted.
<inserted text> 
                $
l.136 
      
I've inserted a begin-math/end-math symbol since I think
you left one out. Proceed, with fingers crossed.

/Users/aleks/Documents/TEC/Redes/proyecto1/documentacion/documentacion.tex:136: Missing } inserted.
<inserted text> 
                }
l.136 
      
I've inserted something that you may have forgotten.
(See the <inserted text> above.)
With luck, this will get me unwedged. But if you
really didn't forget anything, try typing `2' now; then
my insertion and my current dilemma will both disappear.


Underfull \hbox (badness 1590) in paragraph at lines 134--136
[]\OT1/cmr/m/n/10 Es.wikipedia.org. (2018). \OT1/cmr/m/it/10 In-ter-net Re-lay Chat. \OT1/cmr/m/n/10 [on-line] Avail-able at:
 []

/Users/aleks/Documents/TEC/Redes/proyecto1/documentacion/documentacion.tex:138: Undefined control sequence.
l.138   [online] Available at: \url
                                   {http://es.tldp.org/COMO-INSFLUG/COMOs/Se...
The control sequence at the end of the top line
of your error message was never \def'ed. If you have
misspelled it (e.g., `\hobx'), type `I' and the correct
spelling (e.g., `I\hbox'). Otherwise just continue,
and I'll forget about whatever was undefined.


Underfull \hbox (badness 3009) in paragraph at lines 137--139
[]\OT1/cmr/m/n/10 Es.tldp.org. (2018). \OT1/cmr/m/it/10 In-sta-laci^^Son y con-fig-u-raci^^Son de un servi-dor de
 []


Underfull \hbox (badness 3396) in paragraph at lines 137--139
\OT1/cmr/m/it/10 IRC: In-tro-ducci^^Son. \OT1/cmr/m/n/10 [on-line] Avail-able at: http://es.tldp.org/COMO-
 []

/Users/aleks/Documents/TEC/Redes/proyecto1/documentacion/documentacion.tex:141: Undefined control sequence.
l.141   [online] Available at: \url
                                   {http://www.rfc-editor.org/rfc/rfc1459.txt}
The control sequence at the end of the top line
of your error message was never \def'ed. If you have
misspelled it (e.g., `\hobx'), type `I' and the correct
spelling (e.g., `I\hbox'). Otherwise just continue,
and I'll forget about whatever was undefined.


Underfull \hbox (badness 10000) in paragraph at lines 140--142
[]\OT1/cmr/m/it/10 Rfc-editor.org. (2018). \OT1/cmr/m/n/10 [on-line] Avail-able at: http://www.rfc-
 []

/Users/aleks/Documents/TEC/Redes/proyecto1/documentacion/documentacion.tex:142: Missing } inserted.
<inserted text> 
                }
l.142 \end{thebibliography}
                           
I've inserted something that you may have forgotten.
(See the <inserted text> above.)
With luck, this will get me unwedged. But if you
really didn't forget anything, try typing `2' now; then
my insertion and my current dilemma will both disappear.

[3] (./documentacion.aux)

LaTeX Warning: Label(s) may have changed. Rerun to get cross-references right.

 ) 
Here is how much of TeX's memory you used:
 2927 strings out of 492649
 41884 string characters out of 6129622
 108088 words of memory out of 5000000
 6805 multiletter control sequences out of 15000+600000
 6754 words of font info for 24 fonts, out of 8000000 for 9000
 1141 hyphenation exceptions out of 8191
 41i,10n,43p,337b,314s stack positions out of 5000i,500n,10000p,200000b,80000s
</usr/local/texlive/2018/texmf-dist/fonts/type1/public/amsfonts/cm/cmbx10.pfb></usr/local/texlive/2018/texmf-dist/fonts/type1/public/amsfonts/cm/cmbx12.pfb></usr/local/texlive/2018/texmf-dist/fonts/type1/public/amsfonts/cm/cmcsc10.pfb></usr/local/texlive/2018/texmf-dist/fonts/type1/public/amsfonts/cm/cmmi10.pfb></usr/local/texlive/2018/texmf-dist/fonts/type1/public/amsfonts/cm/cmmi7.pfb></usr/local/texlive/2018/texmf-dist/fonts/type1/public/amsfonts/cm/cmr10.pfb></usr/local/texlive/2018/texmf-dist/fonts/type1/public/amsfonts/cm/cmsy10.pfb></usr/local/texlive/2018/texmf-dist/fonts/type1/public/amsfonts/cm/cmti10.pfb></usr/local/texlive/2018/texmf-dist/fonts/type1/public/amsfonts/cm/cmti12.pfb>
Output written on documentacion.pdf (4 pages, 111155 bytes).
PDF statistics:
 53 PDF objects out of 1000 (max. 8388607)
 37 compressed objects within 1 object stream
 0 named destinations out of 1000 (max. 500000)
 1 words of extra memory for PDF output out of 10000 (max. 10000000)

